uwiwire_vendor/build/app/outputs/mapping/release/seeds.txt
com.example.uwiwire_vendor.MainActivity
com.example.uwiwire_vendor.MainActivity: MainActivity()
...
io.flutter.embedding.engine.FlutterJNI: void nativeOnVsync(long,long,long)
kotlin.coroutines.jvm.internal.BaseContinuationImpl: kotlin.coroutines.Continuation create(kotlin.coroutines.Continuation)
androidx.window.layout.WindowInfoTrackerImpl$windowLayoutInfo$1: java.lang.Object invoke(kotlinx.coroutines.flow.FlowCollector,kotlin.coroutines.Continuation)
androidx.window.embedding.ExtensionEmbeddingBackend$Companion: boolean isExtensionVersionSupported(java.lang.Integer)
io.flutter.embedding.engine.systemchannels.PlatformChannel$SoundType: io.flutter.embedding.engine.systemchannels.PlatformChannel$SoundType[] values()
androidx.window.embedding.SplitPairRule: boolean equals(java.lang.Object)
androidx.window.layout.WindowInfoTrackerImpl$windowLayoutInfo$1: WindowInfoTrackerImpl$windowLayoutInfo$1(androidx.window.layout.WindowInfoTrackerImpl,android.app.Activity,kotlin.coroutines.Continuation)
androidx.window.layout.SidecarWindowBackend$WindowLayoutChangeCallbackWrapper: void setLastInfo(androidx.window.layout.WindowLayoutInfo)
androidx.window.java.layout.WindowInfoTrackerCallbackAdapter: WindowInfoTrackerCallbackAdapter(androidx.window.layout.WindowInfoTracker)
androidx.window.core.Version: int getPatch()
androidx.window.layout.FoldingFeature: androidx.window.layout.FoldingFeature$OcclusionType getOcclusionType()
androidx.security.crypto.EncryptedSharedPreferences$PrefValueEncryptionScheme: androidx.security.crypto.EncryptedSharedPreferences$PrefValueEncryptionScheme[] values()
kotlin.jvm.internal.CallableReference: CallableReference(java.lang.Object,java.lang.Class,java.lang.String,java.lang.String,boolean)
kotlin.jvm.internal.Lambda: int getArity()
io.flutter.embedding.engine.systemchannels.TextInputChannel$TextCapitalization: io.flutter.embedding.engine.systemchannels.TextInputChannel$TextCapitalization[] values()
androidx.core.app.RemoteActionCompatParcelizer: RemoteActionCompatParcelizer()
androidx.window.embedding.ActivityFilter: boolean matchesActivity(android.app.Activity)
androidx.window.embedding.SplitPlaceholderRule: java.util.Set getFilters()
androidx.window.core.Version$Companion: androidx.window.core.Version parse(java.lang.String)
androidx.window.layout.WindowMetricsCalculatorCompat: android.graphics.Point getRealSizeForDisplay$window_release(android.view.Display)
kotlin.jvm.internal.CallableReference: java.lang.Object getBoundReceiver()
androidx.window.embedding.ActivityFilter: boolean matchesIntent(android.content.Intent)
io.flutter.embedding.engine.FlutterOverlaySurface: int getId()
androidx.window.core.Bounds: int getTop()
androidx.window.layout.WindowMetricsCalculator$Companion: void overrideDecorator(androidx.window.layout.WindowMetricsCalculatorDecorator)
kotlin.coroutines.jvm.internal.BaseContinuationImpl: void resumeWith(java.lang.Object)
androidx.window.layout.FoldingFeature: androidx.window.layout.FoldingFeature$Orientation getOrientation()
androidx.window.layout.SidecarCompat$DistinctSidecarElementCallback: SidecarCompat$DistinctSidecarElementCallback(androidx.window.layout.SidecarAdapter,androidx.window.sidecar.SidecarInterface$SidecarCallback)
androidx.window.embedding.SplitInfo: boolean equals(java.lang.Object)
androidx.window.layout.WindowMetricsCalculatorCompat: WindowMetricsCalculatorCompat()
androidx.window.embedding.SplitPairRule: boolean getClearTop()
androidx.window.layout.WindowMetricsCalculator$Companion$overrideDecorator$1: androidx.window.layout.WindowMetricsCalculator invoke(androidx.window.layout.WindowMetricsCalculator)
androidx.security.crypto.MasterKey$KeyScheme: androidx.security.crypto.MasterKey$KeyScheme[] values()
androidx.window.layout.WindowMetrics: boolean equals(java.lang.Object)
androidx.window.layout.WindowLayoutInfo: int hashCode()
androidx.window.embedding.EmbeddingTranslatingCallback: EmbeddingTranslatingCallback(androidx.window.embedding.EmbeddingInterfaceCompat$EmbeddingCallbackInterface,androidx.window.embedding.EmbeddingAdapter)