uwiwire_vendor/build/app/outputs/mapping/release/mapping.txt
# compiler: R8
# compiler_version: 3.2.47
# min_api: 21
# common_typos_disable
# {"id":"com.android.tools.r8.mapping","version":"2.0"}
# pg_map_id: 1bcdb83
# pg_map_hash: SHA-256 1bcdb836ea8cf811b36ba8c38fca574cfe02fa756acc2e63462e406a52020e65
...
com.google.crypto.tink.proto.KeyData$KeyMaterialType -> w.y$c:
    com.google.crypto.tink.proto.KeyData$KeyMaterialType[] $VALUES -> l
    com.google.crypto.tink.proto.KeyData$KeyMaterialType UNRECOGNIZED -> j
    com.google.crypto.tink.proto.KeyData$KeyMaterialType REMOTE -> i
    com.google.crypto.tink.proto.KeyData$KeyMaterialType ASYMMETRIC_PUBLIC -> h
    com.google.crypto.tink.shaded.protobuf.Internal$EnumLiteMap internalValueMap -> k
    com.google.crypto.tink.proto.KeyData$KeyMaterialType ASYMMETRIC_PRIVATE -> g
    int value -> d
    com.google.crypto.tink.proto.KeyData$KeyMaterialType SYMMETRIC -> f
    com.google.crypto.tink.proto.KeyData$KeyMaterialType UNKNOWN_KEYMATERIAL -> e
    com.google.crypto.tink.proto.KeyData$KeyMaterialType forNumber(int) -> a
    int getNumber() -> b
com.google.crypto.tink.proto.KeyData$KeyMaterialType$1 -> w.y$c$a:
    com.google.crypto.tink.shaded.protobuf.Internal$EnumLite findValueByNumber(int) -> a
    com.google.crypto.tink.proto.KeyData$KeyMaterialType findValueByNumber(int) -> b
com.google.crypto.tink.proto.KeyStatusType -> w.z:
    com.google.crypto.tink.proto.KeyStatusType DISABLED -> g
    com.google.crypto.tink.proto.KeyStatusType DESTROYED -> h
    com.google.crypto.tink.proto.KeyStatusType UNRECOGNIZED -> i
    com.google.crypto.tink.shaded.protobuf.Internal$EnumLiteMap internalValueMap -> j
    int value -> d
    com.google.crypto.tink.proto.KeyStatusType[] $VALUES -> k
    com.google.crypto.tink.proto.KeyStatusType UNKNOWN_STATUS -> e
    com.google.crypto.tink.proto.KeyStatusType ENABLED -> f
    com.google.crypto.tink.proto.KeyStatusType forNumber(int) -> a
    int getNumber() -> b
com.google.crypto.tink.proto.KeyStatusType$1 -> w.z$a:
    com.google.crypto.tink.shaded.protobuf.Internal$EnumLite findValueByNumber(int) -> a
    com.google.crypto.tink.proto.KeyStatusType findValueByNumber(int) -> b
com.google.crypto.tink.proto.KeyTemplate -> w.a0:
    com.google.crypto.tink.proto.KeyTemplate access$000() -> N
    void access$100(com.google.crypto.tink.proto.KeyTemplate,java.lang.String) -> O
    void access$400(com.google.crypto.tink.proto.KeyTemplate,com.google.crypto.tink.shaded.protobuf.ByteString) -> P
    void access$700(com.google.crypto.tink.proto.KeyTemplate,com.google.crypto.tink.proto.OutputPrefixType) -> Q
    com.google.crypto.tink.proto.KeyTemplate getDefaultInstance() -> R
    com.google.crypto.tink.proto.OutputPrefixType getOutputPrefixType() -> S
    java.lang.String getTypeUrl() -> T
    com.google.crypto.tink.shaded.protobuf.ByteString getValue() -> U
    com.google.crypto.tink.proto.KeyTemplate$Builder newBuilder() -> V
    void setOutputPrefixType(com.google.crypto.tink.proto.OutputPrefixType) -> W
    void setTypeUrl(java.lang.String) -> X
    void setValue(com.google.crypto.tink.shaded.protobuf.ByteString) -> Y
    java.lang.Object dynamicMethod(com.google.crypto.tink.shaded.protobuf.GeneratedMessageLite$MethodToInvoke,java.lang.Object,java.lang.Object) -> w
com.google.crypto.tink.proto.KeyTemplate$1 -> w.a0$a:
    int[] $SwitchMap$com$google$protobuf$GeneratedMessageLite$MethodToInvoke -> a
com.google.crypto.tink.proto.KeyTemplate$Builder -> w.a0$b:
    com.google.crypto.tink.proto.KeyTemplate$Builder setValue(com.google.crypto.tink.shaded.protobuf.ByteString) -> A
    com.google.crypto.tink.proto.KeyTemplate$Builder setOutputPrefixType(com.google.crypto.tink.proto.OutputPrefixType) -> y
    com.google.crypto.tink.proto.KeyTemplate$Builder setTypeUrl(java.lang.String) -> z
com.google.crypto.tink.proto.KeyTypeEntry -> w.b0:
    com.google.crypto.tink.proto.KeyTypeEntry access$000() -> N
    java.lang.Object dynamicMethod(com.google.crypto.tink.shaded.protobuf.GeneratedMessageLite$MethodToInvoke,java.lang.Object,java.lang.Object) -> w
com.google.crypto.tink.proto.KeyTypeEntry$1 -> w.b0$a:
    int[] $SwitchMap$com$google$protobuf$GeneratedMessageLite$MethodToInvoke -> a
com.google.crypto.tink.proto.KeyTypeEntry$Builder -> w.b0$b: