uwiwire_vendor/build/app/outputs/mapping/release/usage.txt
com.example.uwiwire_vendor.BuildConfig
com.example.uwiwire_vendor.R$attr
com.example.uwiwire_vendor.R$color
com.example.uwiwire_vendor.R$dimen
com.example.uwiwire_vendor.R$drawable
com.example.uwiwire_vendor.R$id
com.example.uwiwire_vendor.R$integer
com.example.uwiwire_vendor.R$layout
com.example.uwiwire_vendor.R$mipmap
com.example.uwiwire_vendor.R$string
com.example.uwiwire_vendor.R$style
com.example.uwiwire_vendor.R$styleable
com.example.uwiwire_vendor.R
...
kotlin.jvm.internal.Ref$ObjectRef
kotlin.jvm.internal.Ref$ShortRef
kotlin.jvm.internal.Ref
kotlin.jvm.internal.Reflection:
    static final java.lang.String REFLECTION_NOT_AVAILABLE
    public void <init>()
    public static kotlin.reflect.KClass createKotlinClass(java.lang.Class)
    public static kotlin.reflect.KClass createKotlinClass(java.lang.Class,java.lang.String)
    public static kotlin.reflect.KClass getOrCreateKotlinClass(java.lang.Class,java.lang.String)
    public static kotlin.reflect.KClass[] getOrCreateKotlinClasses(java.lang.Class[])
    public static kotlin.reflect.KDeclarationContainer getOrCreateKotlinPackage(java.lang.Class,java.lang.String)
    public static kotlin.reflect.KType mutableCollectionType(kotlin.reflect.KType)
    public static kotlin.reflect.KMutableProperty0 mutableProperty0(kotlin.jvm.internal.MutablePropertyReference0)
    public static kotlin.reflect.KMutableProperty1 mutableProperty1(kotlin.jvm.internal.MutablePropertyReference1)
    public static kotlin.reflect.KMutableProperty2 mutableProperty2(kotlin.jvm.internal.MutablePropertyReference2)
    public static kotlin.reflect.KType nothingType(kotlin.reflect.KType)
    public static kotlin.reflect.KType nullableTypeOf(java.lang.Class)
    public static kotlin.reflect.KType nullableTypeOf(java.lang.Class,kotlin.reflect.KTypeProjection)
    public static kotlin.reflect.KType nullableTypeOf(java.lang.Class,kotlin.reflect.KTypeProjection,kotlin.reflect.KTypeProjection)
    public static varargs kotlin.reflect.KType nullableTypeOf(java.lang.Class,kotlin.reflect.KTypeProjection[])
kotlin.jvm.internal.ReflectionFactory:
    private static final java.lang.String KOTLIN_JVM_FUNCTIONS
    public kotlin.reflect.KClass createKotlinClass(java.lang.Class)
    public kotlin.reflect.KClass createKotlinClass(java.lang.Class,java.lang.String)
    public kotlin.reflect.KClass getOrCreateKotlinClass(java.lang.Class,java.lang.String)
    public kotlin.reflect.KType mutableCollectionType(kotlin.reflect.KType)
    public kotlin.reflect.KMutableProperty0 mutableProperty0(kotlin.jvm.internal.MutablePropertyReference0)
    public kotlin.reflect.KMutableProperty1 mutableProperty1(kotlin.jvm.internal.MutablePropertyReference1)
    public kotlin.reflect.KMutableProperty2 mutableProperty2(kotlin.jvm.internal.MutablePropertyReference2)
    public kotlin.reflect.KType nothingType(kotlin.reflect.KType)
    public kotlin.reflect.KType platformType(kotlin.reflect.KType,kotlin.reflect.KType)
    public kotlin.reflect.KProperty0 property0(kotlin.jvm.internal.PropertyReference0)
    public kotlin.reflect.KProperty1 property1(kotlin.jvm.internal.PropertyReference1)
    public kotlin.reflect.KProperty2 property2(kotlin.jvm.internal.PropertyReference2)
    public void setUpperBounds(kotlin.reflect.KTypeParameter,java.util.List)
    public kotlin.reflect.KType typeOf(kotlin.reflect.KClassifier,java.util.List,boolean)
    public kotlin.reflect.KTypeParameter typeParameter(java.lang.Object,java.lang.String,kotlin.reflect.KVariance,boolean)
kotlin.jvm.internal.RepeatableContainer
kotlin.jvm.internal.SerializedIr
kotlin.jvm.internal.ShortCompanionObject
kotlin.jvm.internal.ShortSpreadBuilder
kotlin.jvm.internal.SpreadBuilder
kotlin.jvm.internal.StringCompanionObject